<?xml version="1.0" encoding="UTF-8"?>
<!-- Generated by org.testng.reporters.JUnitXMLReporter -->
<testsuite ignored="8" hostname="DESKTOP-EQ2PC9T" failures="0" tests="5" name="Testng" time="27.497" errors="0" timestamp="26 Jun 2021 04:42:44 GMT">
  <testcase classname="testCase.verifyCellPhonesCount" name="test_verifyCellPhonesCount" time="12.408"/>
  <testcase classname="testCase.VerifyEbayCameraTotalByCategory" name="test_VerifyEbayCameraTotalByCategory" time="3.991"/>
  <testcase classname="testCase.VerifyEbaySearchBoxExist" name="test_VerifyEbaySearchBoxExist" time="0.78"/>
  <testcase classname="testCase.VerifyEbayAllCategoryOptionEnabled" name="test_VerifyEbayAllCategoryOptionEnabled" time="0.83"/>
  <testcase classname="testCase.VerifyEbayPetSuppliesCount" name="test_VerifyEbayPetSuppliesCount" time="9.448"/>
  <testcase classname="testBase.Base" name="@AfterSuite tearDown" time="0.0">
    <ignored/>
  </testcase> <!-- @AfterSuite tearDown -->
  <testcase classname="testBase.Base" name="@AfterSuite tearDown" time="0.0">
    <ignored/>
  </testcase> <!-- @AfterSuite tearDown -->
  <testcase classname="testBase.Base" name="@AfterSuite tearDown" time="0.0">
    <ignored/>
  </testcase> <!-- @AfterSuite tearDown -->
  <testcase classname="testBase.Base" name="@AfterSuite tearDown" time="0.0">
    <ignored/>
  </testcase> <!-- @AfterSuite tearDown -->
  <testcase classname="testBase.Base" name="@BeforeSuite setupWebDriver" time="0.0">
    <ignored/>
  </testcase> <!-- @BeforeSuite setupWebDriver -->
  <testcase classname="testBase.Base" name="@BeforeSuite setupWebDriver" time="0.0">
    <ignored/>
  </testcase> <!-- @BeforeSuite setupWebDriver -->
  <testcase classname="testBase.Base" name="@BeforeSuite setupWebDriver" time="0.0">
    <ignored/>
  </testcase> <!-- @BeforeSuite setupWebDriver -->
  <testcase classname="testBase.Base" name="@BeforeSuite setupWebDriver" time="0.0">
    <ignored/>
  </testcase> <!-- @BeforeSuite setupWebDriver -->
</testsuite> <!-- Testng -->
